<?xml version="1.0" encoding="UTF-8"?>
<testng-results skipped="0" failed="0" total="1" passed="1">
  <reporter-output>
  </reporter-output>
  <suite name="Default suite" duration-ms="13766" started-at="2016-05-29T18:42:04Z" finished-at="2016-05-29T18:42:18Z">
    <groups>
    </groups>
    <test name="Default test" duration-ms="13766" started-at="2016-05-29T18:42:04Z" finished-at="2016-05-29T18:42:18Z">
      <class name="Pack1.ScrollDownVJ">
        <test-method status="PASS" signature="scrolldown()[pri:0, instance:Pack1.ScrollDownVJ@2ac1fdc4]" name="scrolldown" duration-ms="13732" started-at="2016-05-29T19:42:04Z" finished-at="2016-05-29T19:42:18Z">
          <reporter-output>
          </reporter-output>
        </test-method> <!-- scrolldown -->
      </class> <!-- Pack1.ScrollDownVJ -->
    </test> <!-- Default test -->
  </suite> <!-- Default suite -->
</testng-results>
